\BOOKMARK [0][-]{chapter*.3}{\376\377\000R\000e\000s\000u\000m\000e\000n}{}% 1
\BOOKMARK [0][-]{chapter.1}{\376\377\000I\000n\000t\000r\000o\000d\000u\000c\000c\000i\000\363\000n}{}% 2
\BOOKMARK [0][-]{chapter.2}{\376\377\000A\000n\000t\000e\000c\000e\000d\000e\000n\000t\000e\000s}{}% 3
\BOOKMARK [0][-]{chapter.3}{\376\377\000O\000b\000j\000e\000t\000i\000v\000o\000s}{}% 4
\BOOKMARK [1][-]{section.3.1}{\376\377\000G\000e\000n\000e\000r\000a\000l\000e\000s}{chapter.3}% 5
\BOOKMARK [1][-]{section.3.2}{\376\377\000E\000s\000p\000e\000c\000\355\000f\000i\000c\000o\000s}{chapter.3}% 6
\BOOKMARK [0][-]{chapter.4}{\376\377\000T\000r\000a\000b\000a\000j\000o\000\040\000r\000e\000a\000l\000i\000z\000a\000d\000o}{}% 7
\BOOKMARK [1][-]{section.4.1}{\376\377\000M\000o\000d\000e\000l\000o\000\040\000m\000a\000t\000e\000m\000\341\000t\000i\000c\000o}{chapter.4}% 8
\BOOKMARK [1][-]{section.4.2}{\376\377\000E\000s\000t\000i\000m\000a\000c\000i\000o\000n\000e\000s}{chapter.4}% 9
\BOOKMARK [1][-]{section.4.3}{\376\377\000E\000T\000L\000\040\000\050\000E\000x\000t\000r\000a\000c\000c\000i\000\363\000n\000-\000T\000r\000a\000n\000s\000f\000o\000r\000m\000a\000c\000i\000\363\000n\000-\000C\000a\000r\000g\000a\000\051}{chapter.4}% 10
\BOOKMARK [2][-]{subsection.4.3.1}{\376\377\000E\000x\000t\000r\000a\000c\000c\000i\000\363\000n}{section.4.3}% 11
\BOOKMARK [2][-]{subsection.4.3.2}{\376\377\000T\000r\000a\000n\000s\000f\000o\000r\000m\000a\000c\000i\000\363\000n}{section.4.3}% 12
\BOOKMARK [2][-]{subsection.4.3.3}{\376\377\000C\000a\000r\000g\000a}{section.4.3}% 13
\BOOKMARK [1][-]{section.4.4}{\376\377\000E\000D\000A\000\040\000\050\000A\000n\000\341\000l\000i\000s\000i\000s\000\040\000E\000x\000p\000l\000o\000r\000a\000t\000o\000r\000i\000o\000\040\000d\000e\000\040\000l\000o\000s\000\040\000D\000a\000t\000o\000s\000\051}{chapter.4}% 14
\BOOKMARK [2][-]{subsection.4.4.1}{\376\377\000T\000i\000p\000o\000\040\000d\000e\000\040\000s\000e\000s\000i\000\363\000n}{section.4.4}% 15
\BOOKMARK [2][-]{subsection.4.4.2}{\376\377\000C\000u\000r\000s\000o\000s\000\040\000d\000i\000c\000t\000a\000d\000o\000s}{section.4.4}% 16
\BOOKMARK [2][-]{subsection.4.4.3}{\376\377\000A\000l\000u\000m\000n\000o\000s\000\040\000i\000n\000s\000c\000r\000i\000t\000o\000s}{section.4.4}% 17
\BOOKMARK [2][-]{subsection.4.4.4}{\376\377\000A\000l\000u\000m\000n\000o\000s\000\040\000p\000a\000r\000t\000i\000c\000i\000p\000a\000n\000t\000e\000s}{section.4.4}% 18
\BOOKMARK [2][-]{subsection.4.4.5}{\376\377\000I\000n\000s\000c\000r\000i\000t\000o\000s\000-\000P\000a\000r\000t\000i\000c\000i\000p\000a\000n\000t\000e\000s}{section.4.4}% 19
\BOOKMARK [2][-]{subsection.4.4.6}{\376\377\000D\000u\000r\000a\000c\000i\000\363\000n\000\040\000d\000e\000\040\000s\000e\000s\000i\000o\000n\000e\000s}{section.4.4}% 20
\BOOKMARK [2][-]{subsection.4.4.7}{\376\377\000P\000u\000n\000t\000u\000a\000l\000i\000d\000a\000d}{section.4.4}% 21
\BOOKMARK [0][-]{chapter.5}{\376\377\000R\000e\000s\000u\000l\000t\000a\000d\000o\000s}{}% 22
\BOOKMARK [1][-]{section.5.1}{\376\377\000P\000o\000r\000\040\000c\000u\000r\000s\000o}{chapter.5}% 23
\BOOKMARK [2][-]{subsection.5.1.1}{\376\377\000M\000a\000t\000e\000m\000\341\000t\000i\000c\000a\000\040\000I}{section.5.1}% 24
\BOOKMARK [2][-]{subsection.5.1.2}{\376\377\000M\000a\000t\000e\000m\000\341\000t\000i\000c\000a\000\040\000I\000I}{section.5.1}% 25
\BOOKMARK [2][-]{subsection.5.1.3}{\376\377\000C\000\341\000l\000c\000u\000l\000o\000\040\000I}{section.5.1}% 26
\BOOKMARK [2][-]{subsection.5.1.4}{\376\377\000C\000\341\000l\000c\000u\000l\000o\000\040\000I\000I}{section.5.1}% 27
\BOOKMARK [2][-]{subsection.5.1.5}{\376\377\000E\000s\000t\000a\000d\000\355\000s\000t\000i\000c\000a\000\040\000D\000e\000s\000c\000r\000i\000p\000t\000i\000v\000a}{section.5.1}% 28
\BOOKMARK [2][-]{subsection.5.1.6}{\376\377\000G\000e\000o\000m\000e\000t\000r\000\355\000a}{section.5.1}% 29
\BOOKMARK [1][-]{section.5.2}{\376\377\000P\000o\000r\000\040\000t\000i\000p\000o}{chapter.5}% 30
\BOOKMARK [2][-]{subsection.5.2.1}{\376\377\000T\000a\000l\000l\000e\000r\000e\000s}{section.5.2}% 31
\BOOKMARK [2][-]{subsection.5.2.2}{\376\377\000T\000u\000t\000o\000r\000\355\000a\000s}{section.5.2}% 32
\BOOKMARK [1][-]{section.5.3}{\376\377\000P\000o\000r\000\040\000f\000e\000c\000h\000a\000\040\000y\000\040\000h\000o\000r\000a}{chapter.5}% 33
\BOOKMARK [0][-]{chapter.6}{\376\377\000D\000i\000s\000c\000u\000s\000i\000\363\000n}{}% 34
\BOOKMARK [0][-]{chapter.7}{\376\377\000C\000o\000n\000c\000l\000u\000s\000i\000o\000n\000e\000s}{}% 35
\BOOKMARK [0][-]{chapter.8}{\376\377\000A\000n\000e\000x\000o\000s}{}% 36
\BOOKMARK [1][-]{section.8.1}{\376\377\000P\000r\000o\000b\000a\000b\000i\000l\000i\000d\000a\000d}{chapter.8}% 37
\BOOKMARK [1][-]{section.8.2}{\376\377\000M\000\351\000t\000r\000i\000c\000a\000s\000\040\000e\000s\000t\000a\000d\000\355\000s\000t\000i\000c\000a\000s}{chapter.8}% 38
